<?xml version="1.0" encoding="UTF-8"?>
<!-- Generated by org.testng.reporters.JUnitReportReporter -->
<testsuite skipped="0" hostname="DESKTOP-D7FC95S" name="tests.RegistrationTest" tests="1" failures="0" timestamp="2022-02-11T20:35:04 CET" time="29.909" errors="0">
  <testcase name="registration" time="29.909" classname="tests.RegistrationTest"/>
  <system-out/>
</testsuite> <!-- tests.RegistrationTest -->
