<?xml version="1.0" encoding="UTF-8"?>
<!-- Generated by org.testng.reporters.JUnitReportReporter -->
<testsuite skipped="0" hostname="DESKTOP-D7FC95S" name="tests_with_login.LogoutTest" tests="1" failures="0" timestamp="2022-02-11T20:35:04 CET" time="38.334" errors="0">
  <testcase name="logout" time="38.334" classname="tests_with_login.LogoutTest"/>
  <system-out/>
</testsuite> <!-- tests_with_login.LogoutTest -->
