<?xml version="1.0" encoding="UTF-8"?>
<!-- Generated by org.testng.reporters.JUnitReportReporter -->
<testsuite skipped="0" hostname="DESKTOP-D7FC95S" name="tests.FailedLoginTest" tests="1" failures="0" timestamp="2022-02-11T20:35:04 CET" time="17.408" errors="0">
  <testcase name="failedLogin" time="17.408" classname="tests.FailedLoginTest"/>
  <system-out/>
</testsuite> <!-- tests.FailedLoginTest -->
